# JRE version: Java(TM) SE Runtime Environment (14.0+36) (build 14+36-1461)
# Java VM: Java HotSpot(TM) 64-Bit Server VM (14+36-1461, mixed mode, sharing, tiered, compressed oops, g1 gc, windows-amd64)
Heap:
 garbage-first heap   total 484352K, used 252266K [0x00000000c1c00000, 0x0000000100000000)
  region size 1024K, 3 young (3072K), 3 survivors (3072K)
 Metaspace       used 2376K, capacity 5312K, committed 5504K, reserved 1056768K
  class space    used 263K, capacity 535K, committed 640K, reserved 1048576K
GC Heap History (20 events):
Event: 155.384 GC heap after
{Heap after GC invocations=19 (full 0):
 garbage-first heap   total 138240K, used 104448K [0x00000000c1c00000, 0x0000000100000000)
  region size 1024K, 2 young (2048K), 2 survivors (2048K)
 Metaspace       used 2376K, capacity 5312K, committed 5504K, reserved 1056768K
  class space    used 263K, capacity 535K, committed 640K, reserved 1048576K
}
Event: 157.866 GC heap before
{Heap before GC invocations=20 (full 0):
 garbage-first heap   total 178176K, used 109568K [0x00000000c1c00000, 0x0000000100000000)
  region size 1024K, 7 young (7168K), 2 survivors (2048K)
 Metaspace       used 2376K, capacity 5312K, committed 5504K, reserved 1056768K
  class space    used 263K, capacity 535K, committed 640K, reserved 1048576K
}
Event: 157.914 GC heap after
{Heap after GC invocations=21 (full 0):
 garbage-first heap   total 178176K, used 110462K [0x00000000c1c00000, 0x0000000100000000)
  region size 1024K, 1 young (1024K), 1 survivors (1024K)
 Metaspace       used 2376K, capacity 5312K, committed 5504K, reserved 1056768K
  class space    used 263K, capacity 535K, committed 640K, reserved 1048576K
}
Event: 163.866 GC heap before
{Heap before GC invocations=21 (full 0):
 garbage-first heap   total 178176K, used 124798K [0x00000000c1c00000, 0x0000000100000000)
  region size 1024K, 15 young (15360K), 1 survivors (1024K)
 Metaspace       used 2376K, capacity 5312K, committed 5504K, reserved 1056768K
  class space    used 263K, capacity 535K, committed 640K, reserved 1048576K
}
Event: 164.291 GC heap after
{Heap after GC invocations=22 (full 0):
 garbage-first heap   total 178176K, used 125610K [0x00000000c1c00000, 0x0000000100000000)
  region size 1024K, 2 young (2048K), 2 survivors (2048K)
 Metaspace       used 2376K, capacity 5312K, committed 5504K, reserved 1056768K
  class space    used 263K, capacity 535K, committed 640K, reserved 1048576K
}
Event: 170.528 GC heap before
{Heap before GC invocations=23 (full 0):
 garbage-first heap   total 215040K, used 134826K [0x00000000c1c00000, 0x0000000100000000)
  region size 1024K, 11 young (11264K), 2 survivors (2048K)
 Metaspace       used 2376K, capacity 5312K, committed 5504K, reserved 1056768K
  class space    used 263K, capacity 535K, committed 640K, reserved 1048576K
}
Event: 171.573 GC heap after
{Heap after GC invocations=24 (full 0):
 garbage-first heap   total 215040K, used 135634K [0x00000000c1c00000, 0x0000000100000000)
  region size 1024K, 2 young (2048K), 2 survivors (2048K)
 Metaspace       used 2376K, capacity 5312K, committed 5504K, reserved 1056768K
  class space    used 263K, capacity 535K, committed 640K, reserved 1048576K
}
Event: 176.693 GC heap before
{Heap before GC invocations=24 (full 0):
 garbage-first heap   total 215040K, used 152018K [0x00000000c1c00000, 0x0000000100000000)
  region size 1024K, 18 young (18432K), 2 survivors (2048K)
 Metaspace       used 2376K, capacity 5312K, committed 5504K, reserved 1056768K
  class space    used 263K, capacity 535K, committed 640K, reserved 1048576K
}
Event: 177.146 GC heap after
{Heap after GC invocations=25 (full 0):
 garbage-first heap   total 331776K, used 152576K [0x00000000c1c00000, 0x0000000100000000)
  region size 1024K, 3 young (3072K), 3 survivors (3072K)
 Metaspace       used 2376K, capacity 5312K, committed 5504K, reserved 1056768K
  class space    used 263K, capacity 535K, committed 640K, reserved 1048576K
}
Event: 182.670 GC heap before
{Heap before GC invocations=26 (full 0):
 garbage-first heap   total 331776K, used 165888K [0x00000000c1c00000, 0x0000000100000000)
  region size 1024K, 16 young (16384K), 3 survivors (3072K)
 Metaspace       used 2376K, capacity 5312K, committed 5504K, reserved 1056768K
  class space    used 263K, capacity 535K, committed 640K, reserved 1048576K
}
Event: 183.516 GC heap after
{Heap after GC invocations=27 (full 0):
 garbage-first heap   total 331776K, used 166286K [0x00000000c1c00000, 0x0000000100000000)
  region size 1024K, 2 young (2048K), 2 survivors (2048K)
 Metaspace       used 2376K, capacity 5312K, committed 5504K, reserved 1056768K
  class space    used 263K, capacity 535K, committed 640K, reserved 1048576K
}
Event: 189.477 GC heap before
{Heap before GC invocations=27 (full 0):
 garbage-first heap   total 331776K, used 181646K [0x00000000c1c00000, 0x0000000100000000)
  region size 1024K, 17 young (17408K), 2 survivors (2048K)
 Metaspace       used 2376K, capacity 5312K, committed 5504K, reserved 1056768K
  class space    used 263K, capacity 535K, committed 640K, reserved 1048576K
}
Event: 189.662 GC heap after
{Heap after GC invocations=28 (full 0):
 garbage-first heap   total 331776K, used 183084K [0x00000000c1c00000, 0x0000000100000000)
  region size 1024K, 3 young (3072K), 3 survivors (3072K)
 Metaspace       used 2376K, capacity 5312K, committed 5504K, reserved 1056768K
  class space    used 263K, capacity 535K, committed 640K, reserved 1048576K
}
Event: 194.944 GC heap before
{Heap before GC invocations=29 (full 0):
 garbage-first heap   total 331776K, used 200492K [0x00000000c1c00000, 0x0000000100000000)
  region size 1024K, 20 young (20480K), 3 survivors (3072K)
 Metaspace       used 2376K, capacity 5312K, committed 5504K, reserved 1056768K
  class space    used 263K, capacity 535K, committed 640K, reserved 1048576K
}
Event: 195.635 GC heap after
{Heap after GC invocations=30 (full 0):
 garbage-first heap   total 331776K, used 202136K [0x00000000c1c00000, 0x0000000100000000)
  region size 1024K, 3 young (3072K), 3 survivors (3072K)
 Metaspace       used 2376K, capacity 5312K, committed 5504K, reserved 1056768K
  class space    used 263K, capacity 535K, committed 640K, reserved 1048576K
}
Event: 198.361 GC heap before
{Heap before GC invocations=30 (full 0):
 garbage-first heap   total 331776K, used 215448K [0x00000000c1c00000, 0x0000000100000000)
  region size 1024K, 16 young (16384K), 3 survivors (3072K)
 Metaspace       used 2376K, capacity 5312K, committed 5504K, reserved 1056768K
  class space    used 263K, capacity 535K, committed 640K, reserved 1048576K
}
Event: 198.557 GC heap after
{Heap after GC invocations=31 (full 0):
 garbage-first heap   total 331776K, used 215988K [0x00000000c1c00000, 0x0000000100000000)
  region size 1024K, 2 young (2048K), 2 survivors (2048K)
 Metaspace       used 2376K, capacity 5312K, committed 5504K, reserved 1056768K
  class space    used 263K, capacity 535K, committed 640K, reserved 1048576K
}
Event: 206.396 GC heap before
{Heap before GC invocations=32 (full 0):
 garbage-first heap   total 370688K, used 230324K [0x00000000c1c00000, 0x0000000100000000)
  region size 1024K, 16 young (16384K), 2 survivors (2048K)
 Metaspace       used 2376K, capacity 5312K, committed 5504K, reserved 1056768K
  class space    used 263K, capacity 535K, committed 640K, reserved 1048576K
}
Event: 208.490 GC heap after
{Heap after GC invocations=33 (full 0):
 garbage-first heap   total 370688K, used 231144K [0x00000000c1c00000, 0x0000000100000000)
  region size 1024K, 2 young (2048K), 2 survivors (2048K)
 Metaspace       used 2376K, capacity 5312K, committed 5504K, reserved 1056768K
  class space    used 263K, capacity 535K, committed 640K, reserved 1048576K
}
Event: 214.209 GC heap before
{Heap before GC invocations=33 (full 0):
 garbage-first heap   total 370688K, used 250600K [0x00000000c1c00000, 0x0000000100000000)
  region size 1024K, 21 young (21504K), 2 survivors (2048K)
 Metaspace       used 2376K, capacity 5312K, committed 5504K, reserved 1056768K
  class space    used 263K, capacity 535K, committed 640K, reserved 1048576K
}

